<?xml version="1.0" encoding="UTF-8"?>
<coverage generated="1530700020866" clover="3.2.0">
  <project timestamp="1530700020866" name="All files">
    <metrics statements="86" coveredstatements="83" conditionals="14" coveredconditionals="11" methods="10" coveredmethods="10" elements="110" coveredelements="104" complexity="0" loc="86" ncloc="86" packages="2" files="4" classes="4">
      <package name="components">
        <metrics statements="65" coveredstatements="62" conditionals="0" coveredconditionals="0" methods="5" coveredmethods="5"/>
        <file name="theme.js" path="/Users/alexandrehoareau/boulot/42/red-tetris/src/client/components/theme.js">
          <metrics statements="65" coveredstatements="62" conditionals="0" coveredconditionals="0" methods="5" coveredmethods="5"/>
          <line num="1" count="8" type="stmt"/>
          <line num="3" count="2" type="stmt"/>
          <line num="4" count="4" type="stmt"/>
          <line num="5" count="16" type="stmt"/>
          <line num="8" count="0" type="stmt"/>
          <line num="13" count="2" type="stmt"/>
          <line num="15" count="2" type="stmt"/>
          <line num="17" count="2" type="stmt"/>
          <line num="19" count="2" type="stmt"/>
          <line num="20" count="2" type="stmt"/>
          <line num="22" count="2" type="stmt"/>
          <line num="24" count="2" type="stmt"/>
          <line num="26" count="2" type="stmt"/>
          <line num="28" count="2" type="stmt"/>
          <line num="29" count="2" type="stmt"/>
          <line num="32" count="2" type="stmt"/>
          <line num="37" count="2" type="stmt"/>
          <line num="43" count="2" type="stmt"/>
          <line num="44" count="2" type="stmt"/>
          <line num="45" count="2" type="stmt"/>
          <line num="46" count="2" type="stmt"/>
          <line num="47" count="2" type="stmt"/>
          <line num="48" count="2" type="stmt"/>
          <line num="49" count="2" type="stmt"/>
          <line num="50" count="2" type="stmt"/>
          <line num="51" count="2" type="stmt"/>
          <line num="52" count="2" type="stmt"/>
          <line num="53" count="2" type="stmt"/>
          <line num="54" count="2" type="stmt"/>
          <line num="55" count="2" type="stmt"/>
          <line num="56" count="2" type="stmt"/>
          <line num="57" count="2" type="stmt"/>
          <line num="58" count="2" type="stmt"/>
          <line num="59" count="2" type="stmt"/>
          <line num="60" count="2" type="stmt"/>
          <line num="61" count="2" type="stmt"/>
          <line num="62" count="2" type="stmt"/>
          <line num="63" count="2" type="stmt"/>
          <line num="64" count="2" type="stmt"/>
          <line num="65" count="2" type="stmt"/>
          <line num="68" count="2" type="stmt"/>
          <line num="69" count="12" type="stmt"/>
          <line num="70" count="48" type="stmt"/>
          <line num="74" count="0" type="stmt"/>
          <line num="83" count="0" type="stmt"/>
          <line num="87" count="48" type="stmt"/>
          <line num="90" count="2" type="stmt"/>
          <line num="91" count="2" type="stmt"/>
          <line num="92" count="2" type="stmt"/>
          <line num="93" count="2" type="stmt"/>
          <line num="94" count="2" type="stmt"/>
          <line num="95" count="2" type="stmt"/>
          <line num="97" count="2" type="stmt"/>
          <line num="128" count="2" type="stmt"/>
          <line num="140" count="2" type="stmt"/>
          <line num="141" count="2" type="stmt"/>
          <line num="143" count="2" type="stmt"/>
          <line num="146" count="2" type="stmt"/>
          <line num="154" count="2" type="stmt"/>
          <line num="162" count="2" type="stmt"/>
          <line num="163" count="2" type="stmt"/>
          <line num="164" count="2" type="stmt"/>
          <line num="166" count="2" type="stmt"/>
          <line num="173" count="2" type="stmt"/>
          <line num="180" count="2" type="stmt"/>
        </file>
      </package>
      <package name="components.block">
        <metrics statements="21" coveredstatements="21" conditionals="14" coveredconditionals="11" methods="5" coveredmethods="5"/>
        <file name="Box.js" path="/Users/alexandrehoareau/boulot/42/red-tetris/src/client/components/block/Box.js">
          <metrics statements="3" coveredstatements="3" conditionals="6" coveredconditionals="3" methods="1" coveredmethods="1"/>
          <line num="80" count="1" type="stmt"/>
          <line num="81" count="1" type="stmt"/>
          <line num="180" count="1" type="stmt"/>
        </file>
        <file name="Link.js" path="/Users/alexandrehoareau/boulot/42/red-tetris/src/client/components/block/Link.js">
          <metrics statements="4" coveredstatements="4" conditionals="0" coveredconditionals="0" methods="0" coveredmethods="0"/>
          <line num="6" count="1" type="stmt"/>
          <line num="14" count="1" type="stmt"/>
          <line num="16" count="1" type="stmt"/>
          <line num="20" count="1" type="stmt"/>
        </file>
        <file name="Text.js" path="/Users/alexandrehoareau/boulot/42/red-tetris/src/client/components/block/Text.js">
          <metrics statements="14" coveredstatements="14" conditionals="8" coveredconditionals="8" methods="4" coveredmethods="4"/>
          <line num="12" count="1" type="stmt"/>
          <line num="13" count="7" type="cond" truecount="2" falsecount="0"/>
          <line num="19" count="1" type="stmt"/>
          <line num="20" count="7" type="cond" truecount="2" falsecount="0"/>
          <line num="22" count="1" type="stmt"/>
          <line num="23" count="7" type="cond" truecount="2" falsecount="0"/>
          <line num="25" count="7" type="cond" truecount="2" falsecount="0"/>
          <line num="27" count="1" type="stmt"/>
          <line num="29" count="1" type="stmt"/>
          <line num="33" count="1" type="stmt"/>
          <line num="35" count="1" type="stmt"/>
          <line num="40" count="1" type="stmt"/>
          <line num="41" count="1" type="stmt"/>
          <line num="42" count="1" type="stmt"/>
        </file>
      </package>
    </metrics>
  </project>
</coverage>
