<?xml version="1.0" encoding="UTF-8"?>
<coverage generated="1530704733787" clover="3.2.0">
  <project timestamp="1530704733788" name="All files">
    <metrics statements="113" coveredstatements="101" conditionals="32" coveredconditionals="11" methods="18" coveredmethods="11" elements="163" coveredelements="123" complexity="0" loc="113" ncloc="113" packages="7" files="14" classes="14">
      <package name="red-tetris">
        <metrics statements="2" coveredstatements="2" conditionals="0" coveredconditionals="0" methods="0" coveredmethods="0"/>
        <file name="setupTests.js" path="/Users/alexandrehoareau/boulot/42/red-tetris/setupTests.js">
          <metrics statements="2" coveredstatements="2" conditionals="0" coveredconditionals="0" methods="0" coveredmethods="0"/>
          <line num="8" count="4" type="stmt"/>
          <line num="13" count="4" type="stmt"/>
        </file>
      </package>
      <package name="red-tetris.src.client.components">
        <metrics statements="65" coveredstatements="62" conditionals="0" coveredconditionals="0" methods="5" coveredmethods="5"/>
        <file name="theme.js" path="/Users/alexandrehoareau/boulot/42/red-tetris/src/client/components/theme.js">
          <metrics statements="65" coveredstatements="62" conditionals="0" coveredconditionals="0" methods="5" coveredmethods="5"/>
          <line num="1" count="12" type="stmt"/>
          <line num="3" count="3" type="stmt"/>
          <line num="4" count="6" type="stmt"/>
          <line num="5" count="24" type="stmt"/>
          <line num="8" count="0" type="stmt"/>
          <line num="13" count="3" type="stmt"/>
          <line num="15" count="3" type="stmt"/>
          <line num="17" count="3" type="stmt"/>
          <line num="19" count="3" type="stmt"/>
          <line num="20" count="3" type="stmt"/>
          <line num="22" count="3" type="stmt"/>
          <line num="24" count="3" type="stmt"/>
          <line num="26" count="3" type="stmt"/>
          <line num="28" count="3" type="stmt"/>
          <line num="29" count="3" type="stmt"/>
          <line num="32" count="3" type="stmt"/>
          <line num="37" count="3" type="stmt"/>
          <line num="43" count="3" type="stmt"/>
          <line num="44" count="3" type="stmt"/>
          <line num="45" count="3" type="stmt"/>
          <line num="46" count="3" type="stmt"/>
          <line num="47" count="3" type="stmt"/>
          <line num="48" count="3" type="stmt"/>
          <line num="49" count="3" type="stmt"/>
          <line num="50" count="3" type="stmt"/>
          <line num="51" count="3" type="stmt"/>
          <line num="52" count="3" type="stmt"/>
          <line num="53" count="3" type="stmt"/>
          <line num="54" count="3" type="stmt"/>
          <line num="55" count="3" type="stmt"/>
          <line num="56" count="3" type="stmt"/>
          <line num="57" count="3" type="stmt"/>
          <line num="58" count="3" type="stmt"/>
          <line num="59" count="3" type="stmt"/>
          <line num="60" count="3" type="stmt"/>
          <line num="61" count="3" type="stmt"/>
          <line num="62" count="3" type="stmt"/>
          <line num="63" count="3" type="stmt"/>
          <line num="64" count="3" type="stmt"/>
          <line num="65" count="3" type="stmt"/>
          <line num="68" count="3" type="stmt"/>
          <line num="69" count="18" type="stmt"/>
          <line num="70" count="72" type="stmt"/>
          <line num="74" count="0" type="stmt"/>
          <line num="83" count="0" type="stmt"/>
          <line num="87" count="72" type="stmt"/>
          <line num="90" count="3" type="stmt"/>
          <line num="91" count="3" type="stmt"/>
          <line num="92" count="3" type="stmt"/>
          <line num="93" count="3" type="stmt"/>
          <line num="94" count="3" type="stmt"/>
          <line num="95" count="3" type="stmt"/>
          <line num="97" count="3" type="stmt"/>
          <line num="128" count="3" type="stmt"/>
          <line num="140" count="3" type="stmt"/>
          <line num="141" count="3" type="stmt"/>
          <line num="143" count="3" type="stmt"/>
          <line num="146" count="3" type="stmt"/>
          <line num="154" count="3" type="stmt"/>
          <line num="162" count="3" type="stmt"/>
          <line num="163" count="3" type="stmt"/>
          <line num="164" count="3" type="stmt"/>
          <line num="166" count="3" type="stmt"/>
          <line num="173" count="3" type="stmt"/>
          <line num="180" count="3" type="stmt"/>
        </file>
      </package>
      <package name="red-tetris.src.client.components.block">
        <metrics statements="43" coveredstatements="35" conditionals="32" coveredconditionals="11" methods="11" coveredmethods="5"/>
        <file name="Box.js" path="/Users/alexandrehoareau/boulot/42/red-tetris/src/client/components/block/Box.js">
          <metrics statements="3" coveredstatements="3" conditionals="6" coveredconditionals="3" methods="1" coveredmethods="1"/>
          <line num="80" count="2" type="stmt"/>
          <line num="81" count="1" type="stmt"/>
          <line num="180" count="2" type="stmt"/>
        </file>
        <file name="Card.js" path="/Users/alexandrehoareau/boulot/42/red-tetris/src/client/components/block/Card.js">
          <metrics statements="8" coveredstatements="6" conditionals="0" coveredconditionals="0" methods="2" coveredmethods="0"/>
          <line num="7" count="1" type="stmt"/>
          <line num="8" count="0" type="stmt"/>
          <line num="22" count="0" type="stmt"/>
          <line num="25" count="1" type="stmt"/>
          <line num="31" count="1" type="stmt"/>
          <line num="35" count="1" type="stmt"/>
          <line num="42" count="1" type="stmt"/>
          <line num="49" count="1" type="stmt"/>
        </file>
        <file name="Error.js" path="/Users/alexandrehoareau/boulot/42/red-tetris/src/client/components/block/Error.js">
          <metrics statements="2" coveredstatements="1" conditionals="4" coveredconditionals="0" methods="1" coveredmethods="0"/>
          <line num="4" count="1" type="stmt"/>
          <line num="5" count="0" type="stmt"/>
        </file>
        <file name="Help.js" path="/Users/alexandrehoareau/boulot/42/red-tetris/src/client/components/block/Help.js">
          <metrics statements="2" coveredstatements="1" conditionals="4" coveredconditionals="0" methods="1" coveredmethods="0"/>
          <line num="4" count="1" type="stmt"/>
          <line num="5" count="0" type="stmt"/>
        </file>
        <file name="Input.js" path="/Users/alexandrehoareau/boulot/42/red-tetris/src/client/components/block/Input.js">
          <metrics statements="10" coveredstatements="6" conditionals="10" coveredconditionals="0" methods="2" coveredmethods="0"/>
          <line num="9" count="1" type="stmt"/>
          <line num="10" count="0" type="cond" truecount="0" falsecount="2"/>
          <line num="11" count="0" type="cond" truecount="0" falsecount="2"/>
          <line num="12" count="0" type="stmt"/>
          <line num="23" count="1" type="stmt"/>
          <line num="53" count="1" type="stmt"/>
          <line num="54" count="0" type="stmt"/>
          <line num="61" count="1" type="stmt"/>
          <line num="62" count="1" type="stmt"/>
          <line num="69" count="1" type="stmt"/>
        </file>
        <file name="Link.js" path="/Users/alexandrehoareau/boulot/42/red-tetris/src/client/components/block/Link.js">
          <metrics statements="4" coveredstatements="4" conditionals="0" coveredconditionals="0" methods="0" coveredmethods="0"/>
          <line num="6" count="1" type="stmt"/>
          <line num="14" count="1" type="stmt"/>
          <line num="16" count="1" type="stmt"/>
          <line num="20" count="1" type="stmt"/>
        </file>
        <file name="Text.js" path="/Users/alexandrehoareau/boulot/42/red-tetris/src/client/components/block/Text.js">
          <metrics statements="14" coveredstatements="14" conditionals="8" coveredconditionals="8" methods="4" coveredmethods="4"/>
          <line num="12" count="2" type="stmt"/>
          <line num="13" count="7" type="cond" truecount="2" falsecount="0"/>
          <line num="19" count="2" type="stmt"/>
          <line num="20" count="7" type="cond" truecount="2" falsecount="0"/>
          <line num="22" count="2" type="stmt"/>
          <line num="23" count="7" type="cond" truecount="2" falsecount="0"/>
          <line num="25" count="7" type="cond" truecount="2" falsecount="0"/>
          <line num="27" count="2" type="stmt"/>
          <line num="29" count="2" type="stmt"/>
          <line num="33" count="2" type="stmt"/>
          <line num="35" count="2" type="stmt"/>
          <line num="40" count="2" type="stmt"/>
          <line num="41" count="2" type="stmt"/>
          <line num="42" count="2" type="stmt"/>
        </file>
        <file name="index.js" path="/Users/alexandrehoareau/boulot/42/red-tetris/src/client/components/block/index.js">
          <metrics statements="0" coveredstatements="0" conditionals="0" coveredconditionals="0" methods="0" coveredmethods="0"/>
        </file>
      </package>
      <package name="red-tetris.src.client.containers.base">
        <metrics statements="0" coveredstatements="0" conditionals="0" coveredconditionals="0" methods="0" coveredmethods="0"/>
        <file name="AbstractContainer.js" path="/Users/alexandrehoareau/boulot/42/red-tetris/src/client/containers/base/AbstractContainer.js">
          <metrics statements="0" coveredstatements="0" conditionals="0" coveredconditionals="0" methods="0" coveredmethods="0"/>
        </file>
      </package>
      <package name="red-tetris.src.client.containers.form">
        <metrics statements="2" coveredstatements="1" conditionals="0" coveredconditionals="0" methods="1" coveredmethods="0"/>
        <file name="HomeForm.js" path="/Users/alexandrehoareau/boulot/42/red-tetris/src/client/containers/form/HomeForm.js">
          <metrics statements="2" coveredstatements="1" conditionals="0" coveredconditionals="0" methods="1" coveredmethods="0"/>
          <line num="6" count="1" type="stmt"/>
          <line num="7" count="0" type="stmt"/>
        </file>
      </package>
      <package name="red-tetris.src.client.containers.view">
        <metrics statements="1" coveredstatements="1" conditionals="0" coveredconditionals="0" methods="1" coveredmethods="1"/>
        <file name="Home.js" path="/Users/alexandrehoareau/boulot/42/red-tetris/src/client/containers/view/Home.js">
          <metrics statements="1" coveredstatements="1" conditionals="0" coveredconditionals="0" methods="1" coveredmethods="1"/>
          <line num="8" count="2" type="stmt"/>
        </file>
      </package>
      <package name="red-tetris.src.client.containers.view.base">
        <metrics statements="0" coveredstatements="0" conditionals="0" coveredconditionals="0" methods="0" coveredmethods="0"/>
        <file name="AbstractView.js" path="/Users/alexandrehoareau/boulot/42/red-tetris/src/client/containers/view/base/AbstractView.js">
          <metrics statements="0" coveredstatements="0" conditionals="0" coveredconditionals="0" methods="0" coveredmethods="0"/>
        </file>
      </package>
    </metrics>
  </project>
</coverage>
