{"/Users/alexandrehoareau/boulot/42/red-tetris/setupTests.js": {"path":"/Users/alexandrehoareau/boulot/42/red-tetris/setupTests.js","statementMap":{"0":{"start":{"line":8,"column":0},"end":{"line":11,"column":26}},"1":{"start":{"line":13,"column":0},"end":{"line":13,"column":43}}},"fnMap":{},"branchMap":{},"s":{"0":4,"1":4},"f":{},"b":{},"_coverageSchema":"332fd63041d2c1bcb487cc26dd0d5f7d97098a6c","hash":"3df34d1cfe3a17e7cfc409e2d03d3c55b3f3091e"}
,"/Users/alexandrehoareau/boulot/42/red-tetris/src/client/components/theme.js": {"path":"/Users/alexandrehoareau/boulot/42/red-tetris/src/client/components/theme.js","statementMap":{"0":{"start":{"line":1,"column":25},"end":{"line":1,"column":68}},"1":{"start":{"line":1,"column":30},"end":{"line":1,"column":68}},"2":{"start":{"line":3,"column":19},"end":{"line":11,"column":3}},"3":{"start":{"line":4,"column":2},"end":{"line":11,"column":3}},"4":{"start":{"line":5,"column":4},"end":{"line":10,"column":6}},"5":{"start":{"line":8,"column":8},"end":{"line":8,"column":22}},"6":{"start":{"line":13,"column":27},"end":{"line":13,"column":43}},"7":{"start":{"line":15,"column":28},"end":{"line":15,"column":61}},"8":{"start":{"line":17,"column":16},"end":{"line":17,"column":40}},"9":{"start":{"line":19,"column":0},"end":{"line":19,"column":32}},"10":{"start":{"line":20,"column":0},"end":{"line":20,"column":33}},"11":{"start":{"line":22,"column":21},"end":{"line":22,"column":47}},"12":{"start":{"line":24,"column":20},"end":{"line":24,"column":77}},"13":{"start":{"line":26,"column":25},"end":{"line":26,"column":53}},"14":{"start":{"line":28,"column":23},"end":{"line":28,"column":26}},"15":{"start":{"line":29,"column":20},"end":{"line":29,"column":23}},"16":{"start":{"line":32,"column":27},"end":{"line":35,"column":1}},"17":{"start":{"line":37,"column":23},"end":{"line":40,"column":1}},"18":{"start":{"line":43,"column":14},"end":{"line":43,"column":20}},"19":{"start":{"line":44,"column":14},"end":{"line":44,"column":20}},"20":{"start":{"line":45,"column":13},"end":{"line":45,"column":22}},"21":{"start":{"line":46,"column":18},"end":{"line":46,"column":24}},"22":{"start":{"line":47,"column":13},"end":{"line":47,"column":22}},"23":{"start":{"line":48,"column":17},"end":{"line":48,"column":23}},"24":{"start":{"line":49,"column":18},"end":{"line":49,"column":27}},"25":{"start":{"line":50,"column":22},"end":{"line":50,"column":33}},"26":{"start":{"line":51,"column":19},"end":{"line":51,"column":28}},"27":{"start":{"line":52,"column":13},"end":{"line":52,"column":22}},"28":{"start":{"line":53,"column":17},"end":{"line":53,"column":26}},"29":{"start":{"line":54,"column":19},"end":{"line":54,"column":25}},"30":{"start":{"line":55,"column":14},"end":{"line":55,"column":20}},"31":{"start":{"line":56,"column":18},"end":{"line":56,"column":24}},"32":{"start":{"line":57,"column":17},"end":{"line":57,"column":23}},"33":{"start":{"line":58,"column":12},"end":{"line":58,"column":18}},"34":{"start":{"line":59,"column":16},"end":{"line":59,"column":22}},"35":{"start":{"line":60,"column":20},"end":{"line":60,"column":26}},"36":{"start":{"line":61,"column":15},"end":{"line":61,"column":21}},"37":{"start":{"line":62,"column":19},"end":{"line":62,"column":25}},"38":{"start":{"line":63,"column":20},"end":{"line":63,"column":26}},"39":{"start":{"line":64,"column":15},"end":{"line":64,"column":21}},"40":{"start":{"line":65,"column":19},"end":{"line":65,"column":25}},"41":{"start":{"line":68,"column":16},"end":{"line":88,"column":8}},"42":{"start":{"line":69,"column":2},"end":{"line":88,"column":8}},"43":{"start":{"line":70,"column":18},"end":{"line":86,"column":5}},"44":{"start":{"line":74,"column":10},"end":{"line":82,"column":11}},"45":{"start":{"line":83,"column":10},"end":{"line":83,"column":18}},"46":{"start":{"line":87,"column":4},"end":{"line":87,"column":29}},"47":{"start":{"line":90,"column":14},"end":{"line":90,"column":48}},"48":{"start":{"line":91,"column":14},"end":{"line":91,"column":48}},"49":{"start":{"line":92,"column":15},"end":{"line":92,"column":53}},"50":{"start":{"line":93,"column":13},"end":{"line":93,"column":43}},"51":{"start":{"line":94,"column":16},"end":{"line":94,"column":58}},"52":{"start":{"line":95,"column":16},"end":{"line":95,"column":58}},"53":{"start":{"line":97,"column":15},"end":{"line":126,"column":1}},"54":{"start":{"line":128,"column":0},"end":{"line":135,"column":2}},"55":{"start":{"line":140,"column":21},"end":{"line":140,"column":30}},"56":{"start":{"line":141,"column":22},"end":{"line":141,"column":27}},"57":{"start":{"line":143,"column":33},"end":{"line":143,"column":41}},"58":{"start":{"line":146,"column":26},"end":{"line":151,"column":1}},"59":{"start":{"line":154,"column":24},"end":{"line":159,"column":1}},"60":{"start":{"line":162,"column":18},"end":{"line":162,"column":49}},"61":{"start":{"line":163,"column":16},"end":{"line":163,"column":45}},"62":{"start":{"line":164,"column":15},"end":{"line":164,"column":43}},"63":{"start":{"line":166,"column":24},"end":{"line":170,"column":1}},"64":{"start":{"line":173,"column":25},"end":{"line":178,"column":1}},"65":{"start":{"line":180,"column":14},"end":{"line":198,"column":1}}},"fnMap":{"0":{"name":"(anonymous_0)","decl":{"start":{"line":1,"column":25},"end":{"line":1,"column":26}},"loc":{"start":{"line":1,"column":30},"end":{"line":1,"column":68}},"line":1},"1":{"name":"(anonymous_1)","decl":{"start":{"line":3,"column":19},"end":{"line":3,"column":20}},"loc":{"start":{"line":4,"column":2},"end":{"line":11,"column":3}},"line":4},"2":{"name":"(anonymous_2)","decl":{"start":{"line":4,"column":18},"end":{"line":4,"column":19}},"loc":{"start":{"line":5,"column":4},"end":{"line":10,"column":6}},"line":5},"3":{"name":"(anonymous_3)","decl":{"start":{"line":68,"column":16},"end":{"line":68,"column":17}},"loc":{"start":{"line":69,"column":2},"end":{"line":88,"column":8}},"line":69},"4":{"name":"(anonymous_4)","decl":{"start":{"line":69,"column":16},"end":{"line":69,"column":17}},"loc":{"start":{"line":69,"column":29},"end":{"line":88,"column":3}},"line":69}},"branchMap":{},"s":{"0":3,"1":12,"2":3,"3":6,"4":24,"5":0,"6":3,"7":3,"8":3,"9":3,"10":3,"11":3,"12":3,"13":3,"14":3,"15":3,"16":3,"17":3,"18":3,"19":3,"20":3,"21":3,"22":3,"23":3,"24":3,"25":3,"26":3,"27":3,"28":3,"29":3,"30":3,"31":3,"32":3,"33":3,"34":3,"35":3,"36":3,"37":3,"38":3,"39":3,"40":3,"41":3,"42":18,"43":72,"44":0,"45":0,"46":72,"47":3,"48":3,"49":3,"50":3,"51":3,"52":3,"53":3,"54":3,"55":3,"56":3,"57":3,"58":3,"59":3,"60":3,"61":3,"62":3,"63":3,"64":3,"65":3},"f":{"0":12,"1":6,"2":24,"3":18,"4":72},"b":{},"_coverageSchema":"332fd63041d2c1bcb487cc26dd0d5f7d97098a6c","hash":"289fe25928d5d31fd3a9ee0f7463c9ce9161e3f9"}
,"/Users/alexandrehoareau/boulot/42/red-tetris/src/client/components/block/Box.js": {"path":"/Users/alexandrehoareau/boulot/42/red-tetris/src/client/components/block/Box.js","statementMap":{"0":{"start":{"line":80,"column":12},"end":{"line":178,"column":1}},"1":{"start":{"line":81,"column":12},"end":{"line":102,"column":3}},"2":{"start":{"line":180,"column":0},"end":{"line":180,"column":23}}},"fnMap":{"0":{"name":"(anonymous_0)","decl":{"start":{"line":81,"column":2},"end":{"line":81,"column":3}},"loc":{"start":{"line":81,"column":12},"end":{"line":102,"column":3}},"line":81}},"branchMap":{"0":{"loc":{"start":{"line":82,"column":8},"end":{"line":87,"column":10}},"type":"cond-expr","locations":[{"start":{"line":83,"column":8},"end":{"line":86,"column":7}},{"start":{"line":87,"column":8},"end":{"line":87,"column":10}}],"line":82},"1":{"loc":{"start":{"line":88,"column":8},"end":{"line":94,"column":10}},"type":"cond-expr","locations":[{"start":{"line":89,"column":8},"end":{"line":93,"column":7}},{"start":{"line":94,"column":8},"end":{"line":94,"column":10}}],"line":88},"2":{"loc":{"start":{"line":95,"column":8},"end":{"line":101,"column":10}},"type":"cond-expr","locations":[{"start":{"line":96,"column":8},"end":{"line":100,"column":7}},{"start":{"line":101,"column":8},"end":{"line":101,"column":10}}],"line":95}},"s":{"0":2,"1":1,"2":2},"f":{"0":1},"b":{"0":[0,1],"1":[0,1],"2":[0,1]},"_coverageSchema":"332fd63041d2c1bcb487cc26dd0d5f7d97098a6c","hash":"e843111425988c620897fdf28ce98f694f4dda0e"}
,"/Users/alexandrehoareau/boulot/42/red-tetris/src/client/components/block/Card.js": {"path":"/Users/alexandrehoareau/boulot/42/red-tetris/src/client/components/block/Card.js","statementMap":{"0":{"start":{"line":7,"column":18},"end":{"line":23,"column":1}},"1":{"start":{"line":8,"column":21},"end":{"line":21,"column":3}},"2":{"start":{"line":22,"column":2},"end":{"line":22,"column":40}},"3":{"start":{"line":25,"column":18},"end":{"line":29,"column":2}},"4":{"start":{"line":25,"column":28},"end":{"line":29,"column":1}},"5":{"start":{"line":31,"column":13},"end":{"line":33,"column":1}},"6":{"start":{"line":35,"column":0},"end":{"line":40,"column":1}},"7":{"start":{"line":42,"column":0},"end":{"line":47,"column":1}},"8":{"start":{"line":49,"column":0},"end":{"line":49,"column":25}}},"fnMap":{"0":{"name":"(anonymous_0)","decl":{"start":{"line":7,"column":18},"end":{"line":7,"column":19}},"loc":{"start":{"line":7,"column":27},"end":{"line":23,"column":1}},"line":7},"1":{"name":"(anonymous_1)","decl":{"start":{"line":25,"column":18},"end":{"line":25,"column":19}},"loc":{"start":{"line":25,"column":28},"end":{"line":29,"column":1}},"line":25}},"branchMap":{},"s":{"0":1,"1":0,"2":0,"3":1,"4":0,"5":1,"6":1,"7":1,"8":1},"f":{"0":0,"1":0},"b":{},"_coverageSchema":"332fd63041d2c1bcb487cc26dd0d5f7d97098a6c","hash":"9f1dc015253eb01dcd46efd48237e044f9f60767"}
,"/Users/alexandrehoareau/boulot/42/red-tetris/src/client/components/block/Error.js": {"path":"/Users/alexandrehoareau/boulot/42/red-tetris/src/client/components/block/Error.js","statementMap":{"0":{"start":{"line":4,"column":14},"end":{"line":14,"column":1}},"1":{"start":{"line":5,"column":2},"end":{"line":13,"column":19}}},"fnMap":{"0":{"name":"(anonymous_0)","decl":{"start":{"line":4,"column":14},"end":{"line":4,"column":15}},"loc":{"start":{"line":5,"column":2},"end":{"line":13,"column":19}},"line":5}},"branchMap":{"0":{"loc":{"start":{"line":9,"column":9},"end":{"line":9,"column":29}},"type":"binary-expr","locations":[{"start":{"line":9,"column":9},"end":{"line":9,"column":14}},{"start":{"line":9,"column":18},"end":{"line":9,"column":29}}],"line":9},"1":{"loc":{"start":{"line":10,"column":9},"end":{"line":10,"column":25}},"type":"binary-expr","locations":[{"start":{"line":10,"column":9},"end":{"line":10,"column":15}},{"start":{"line":10,"column":19},"end":{"line":10,"column":25}}],"line":10}},"s":{"0":1,"1":0},"f":{"0":0},"b":{"0":[0,0],"1":[0,0]},"_coverageSchema":"332fd63041d2c1bcb487cc26dd0d5f7d97098a6c","hash":"358210cac61cfec19657d55b9b7f01d1d7ca4395"}
,"/Users/alexandrehoareau/boulot/42/red-tetris/src/client/components/block/Help.js": {"path":"/Users/alexandrehoareau/boulot/42/red-tetris/src/client/components/block/Help.js","statementMap":{"0":{"start":{"line":4,"column":13},"end":{"line":14,"column":1}},"1":{"start":{"line":5,"column":2},"end":{"line":13,"column":19}}},"fnMap":{"0":{"name":"(anonymous_0)","decl":{"start":{"line":4,"column":13},"end":{"line":4,"column":14}},"loc":{"start":{"line":5,"column":2},"end":{"line":13,"column":19}},"line":5}},"branchMap":{"0":{"loc":{"start":{"line":9,"column":9},"end":{"line":9,"column":27}},"type":"binary-expr","locations":[{"start":{"line":9,"column":9},"end":{"line":9,"column":13}},{"start":{"line":9,"column":17},"end":{"line":9,"column":27}}],"line":9},"1":{"loc":{"start":{"line":10,"column":9},"end":{"line":10,"column":24}},"type":"binary-expr","locations":[{"start":{"line":10,"column":9},"end":{"line":10,"column":14}},{"start":{"line":10,"column":18},"end":{"line":10,"column":24}}],"line":10}},"s":{"0":1,"1":0},"f":{"0":0},"b":{"0":[0,0],"1":[0,0]},"_coverageSchema":"332fd63041d2c1bcb487cc26dd0d5f7d97098a6c","hash":"1fa6f2bc05d1f580e606bae706e697e5a17d21ac"}
,"/Users/alexandrehoareau/boulot/42/red-tetris/src/client/components/block/Input.js": {"path":"/Users/alexandrehoareau/boulot/42/red-tetris/src/client/components/block/Input.js","statementMap":{"0":{"start":{"line":9,"column":16},"end":{"line":21,"column":1}},"1":{"start":{"line":10,"column":22},"end":{"line":10,"column":75}},"2":{"start":{"line":11,"column":21},"end":{"line":11,"column":60}},"3":{"start":{"line":12,"column":2},"end":{"line":20,"column":3}},"4":{"start":{"line":23,"column":18},"end":{"line":51,"column":1}},"5":{"start":{"line":53,"column":14},"end":{"line":59,"column":1}},"6":{"start":{"line":54,"column":2},"end":{"line":58,"column":8}},"7":{"start":{"line":61,"column":0},"end":{"line":61,"column":27}},"8":{"start":{"line":62,"column":0},"end":{"line":67,"column":1}},"9":{"start":{"line":69,"column":0},"end":{"line":71,"column":1}}},"fnMap":{"0":{"name":"(anonymous_0)","decl":{"start":{"line":9,"column":16},"end":{"line":9,"column":17}},"loc":{"start":{"line":9,"column":38},"end":{"line":21,"column":1}},"line":9},"1":{"name":"(anonymous_1)","decl":{"start":{"line":53,"column":14},"end":{"line":53,"column":15}},"loc":{"start":{"line":54,"column":2},"end":{"line":58,"column":8}},"line":54}},"branchMap":{"0":{"loc":{"start":{"line":10,"column":22},"end":{"line":10,"column":75}},"type":"cond-expr","locations":[{"start":{"line":10,"column":30},"end":{"line":10,"column":49}},{"start":{"line":10,"column":52},"end":{"line":10,"column":75}}],"line":10},"1":{"loc":{"start":{"line":11,"column":21},"end":{"line":11,"column":60}},"type":"cond-expr","locations":[{"start":{"line":11,"column":29},"end":{"line":11,"column":40}},{"start":{"line":11,"column":43},"end":{"line":11,"column":60}}],"line":11},"2":{"loc":{"start":{"line":56,"column":5},"end":{"line":56,"column":48}},"type":"binary-expr","locations":[{"start":{"line":56,"column":6},"end":{"line":56,"column":11}},{"start":{"line":56,"column":15},"end":{"line":56,"column":20}},{"start":{"line":56,"column":25},"end":{"line":56,"column":48}}],"line":56},"3":{"loc":{"start":{"line":57,"column":5},"end":{"line":57,"column":43}},"type":"binary-expr","locations":[{"start":{"line":57,"column":5},"end":{"line":57,"column":11}},{"start":{"line":57,"column":15},"end":{"line":57,"column":19}},{"start":{"line":57,"column":23},"end":{"line":57,"column":43}}],"line":57}},"s":{"0":1,"1":0,"2":0,"3":0,"4":1,"5":1,"6":0,"7":1,"8":1,"9":1},"f":{"0":0,"1":0},"b":{"0":[0,0],"1":[0,0],"2":[0,0,0],"3":[0,0,0]},"_coverageSchema":"332fd63041d2c1bcb487cc26dd0d5f7d97098a6c","hash":"fa799d18ce6b0f58296c7aa367c4c74ac0057c2a"}
,"/Users/alexandrehoareau/boulot/42/red-tetris/src/client/components/block/Link.js": {"path":"/Users/alexandrehoareau/boulot/42/red-tetris/src/client/components/block/Link.js","statementMap":{"0":{"start":{"line":6,"column":13},"end":{"line":12,"column":1}},"1":{"start":{"line":14,"column":0},"end":{"line":14,"column":25}},"2":{"start":{"line":16,"column":0},"end":{"line":18,"column":1}},"3":{"start":{"line":20,"column":0},"end":{"line":23,"column":1}}},"fnMap":{},"branchMap":{},"s":{"0":1,"1":1,"2":1,"3":1},"f":{},"b":{},"_coverageSchema":"332fd63041d2c1bcb487cc26dd0d5f7d97098a6c","hash":"75652e41168a61c61526d945c4c12e0b739b231b"}
,"/Users/alexandrehoareau/boulot/42/red-tetris/src/client/components/block/Text.js": {"path":"/Users/alexandrehoareau/boulot/42/red-tetris/src/client/components/block/Text.js","statementMap":{"0":{"start":{"line":12,"column":20},"end":{"line":17,"column":10}},"1":{"start":{"line":13,"column":2},"end":{"line":17,"column":10}},"2":{"start":{"line":19,"column":23},"end":{"line":20,"column":60}},"3":{"start":{"line":20,"column":2},"end":{"line":20,"column":60}},"4":{"start":{"line":22,"column":20},"end":{"line":23,"column":54}},"5":{"start":{"line":23,"column":2},"end":{"line":23,"column":54}},"6":{"start":{"line":25,"column":22},"end":{"line":25,"column":78}},"7":{"start":{"line":25,"column":32},"end":{"line":25,"column":77}},"8":{"start":{"line":27,"column":14},"end":{"line":27,"column":52}},"9":{"start":{"line":29,"column":13},"end":{"line":31,"column":1}},"10":{"start":{"line":33,"column":0},"end":{"line":33,"column":25}},"11":{"start":{"line":35,"column":0},"end":{"line":38,"column":1}},"12":{"start":{"line":40,"column":0},"end":{"line":40,"column":38}},"13":{"start":{"line":41,"column":0},"end":{"line":41,"column":32}},"14":{"start":{"line":42,"column":0},"end":{"line":42,"column":32}}},"fnMap":{"0":{"name":"(anonymous_0)","decl":{"start":{"line":12,"column":20},"end":{"line":12,"column":21}},"loc":{"start":{"line":13,"column":2},"end":{"line":17,"column":10}},"line":13},"1":{"name":"(anonymous_1)","decl":{"start":{"line":19,"column":23},"end":{"line":19,"column":24}},"loc":{"start":{"line":20,"column":2},"end":{"line":20,"column":60}},"line":20},"2":{"name":"(anonymous_2)","decl":{"start":{"line":22,"column":20},"end":{"line":22,"column":21}},"loc":{"start":{"line":23,"column":2},"end":{"line":23,"column":54}},"line":23},"3":{"name":"(anonymous_3)","decl":{"start":{"line":25,"column":22},"end":{"line":25,"column":23}},"loc":{"start":{"line":25,"column":32},"end":{"line":25,"column":77}},"line":25}},"branchMap":{"0":{"loc":{"start":{"line":13,"column":2},"end":{"line":17,"column":10}},"type":"cond-expr","locations":[{"start":{"line":14,"column":6},"end":{"line":16,"column":5}},{"start":{"line":17,"column":6},"end":{"line":17,"column":10}}],"line":13},"1":{"loc":{"start":{"line":20,"column":2},"end":{"line":20,"column":60}},"type":"cond-expr","locations":[{"start":{"line":20,"column":18},"end":{"line":20,"column":53}},{"start":{"line":20,"column":56},"end":{"line":20,"column":60}}],"line":20},"2":{"loc":{"start":{"line":23,"column":2},"end":{"line":23,"column":54}},"type":"cond-expr","locations":[{"start":{"line":23,"column":15},"end":{"line":23,"column":47}},{"start":{"line":23,"column":50},"end":{"line":23,"column":54}}],"line":23},"3":{"loc":{"start":{"line":25,"column":32},"end":{"line":25,"column":77}},"type":"cond-expr","locations":[{"start":{"line":25,"column":47},"end":{"line":25,"column":70}},{"start":{"line":25,"column":73},"end":{"line":25,"column":77}}],"line":25}},"s":{"0":2,"1":7,"2":2,"3":7,"4":2,"5":7,"6":2,"7":7,"8":2,"9":2,"10":2,"11":2,"12":2,"13":2,"14":2},"f":{"0":7,"1":7,"2":7,"3":7},"b":{"0":[2,5],"1":[2,5],"2":[2,5],"3":[2,5]},"_coverageSchema":"332fd63041d2c1bcb487cc26dd0d5f7d97098a6c","hash":"25c10b9d69415d9817f551261f0b5a9211dc526a"}
,"/Users/alexandrehoareau/boulot/42/red-tetris/src/client/components/block/index.js": {"path":"/Users/alexandrehoareau/boulot/42/red-tetris/src/client/components/block/index.js","statementMap":{},"fnMap":{},"branchMap":{},"s":{},"f":{},"b":{},"_coverageSchema":"332fd63041d2c1bcb487cc26dd0d5f7d97098a6c","hash":"053794c50ce5cd97f16f0e2c5ef53b1af62c440f"}
,"/Users/alexandrehoareau/boulot/42/red-tetris/src/client/containers/base/AbstractContainer.js": {"path":"/Users/alexandrehoareau/boulot/42/red-tetris/src/client/containers/base/AbstractContainer.js","statementMap":{},"fnMap":{},"branchMap":{},"s":{},"f":{},"b":{},"_coverageSchema":"332fd63041d2c1bcb487cc26dd0d5f7d97098a6c","hash":"0ca302268ada3a14aaa528d43b4092eb0ff81f67"}
,"/Users/alexandrehoareau/boulot/42/red-tetris/src/client/containers/form/HomeForm.js": {"path":"/Users/alexandrehoareau/boulot/42/red-tetris/src/client/containers/form/HomeForm.js","statementMap":{"0":{"start":{"line":6,"column":17},"end":{"line":20,"column":1}},"1":{"start":{"line":7,"column":0},"end":{"line":19,"column":7}}},"fnMap":{"0":{"name":"(anonymous_0)","decl":{"start":{"line":6,"column":17},"end":{"line":6,"column":18}},"loc":{"start":{"line":7,"column":0},"end":{"line":19,"column":7}},"line":7}},"branchMap":{},"s":{"0":1,"1":0},"f":{"0":0},"b":{},"_coverageSchema":"332fd63041d2c1bcb487cc26dd0d5f7d97098a6c","hash":"fb594a5832a735b80dd8f1214003d40ce674a210"}
,"/Users/alexandrehoareau/boulot/42/red-tetris/src/client/containers/view/Home.js": {"path":"/Users/alexandrehoareau/boulot/42/red-tetris/src/client/containers/view/Home.js","statementMap":{"0":{"start":{"line":8,"column":4},"end":{"line":31,"column":5}}},"fnMap":{"0":{"name":"(anonymous_0)","decl":{"start":{"line":7,"column":2},"end":{"line":7,"column":3}},"loc":{"start":{"line":7,"column":11},"end":{"line":32,"column":3}},"line":7}},"branchMap":{},"s":{"0":2},"f":{"0":2},"b":{},"_coverageSchema":"332fd63041d2c1bcb487cc26dd0d5f7d97098a6c","hash":"09331d068af2661462d8e65b17fc737c67fced41"}
,"/Users/alexandrehoareau/boulot/42/red-tetris/src/client/containers/view/base/AbstractView.js": {"path":"/Users/alexandrehoareau/boulot/42/red-tetris/src/client/containers/view/base/AbstractView.js","statementMap":{},"fnMap":{},"branchMap":{},"s":{},"f":{},"b":{},"_coverageSchema":"332fd63041d2c1bcb487cc26dd0d5f7d97098a6c","hash":"5314d699affcbe3ba3a07cb775b453e014a1c361"}
}
