TN:
SF:/Users/alexandrehoareau/boulot/42/red-tetris/src/client/components/theme.js
FN:1,(anonymous_0)
FN:3,(anonymous_1)
FN:4,(anonymous_2)
FN:68,(anonymous_3)
FN:69,(anonymous_4)
FNF:5
FNH:5
FNDA:8,(anonymous_0)
FNDA:4,(anonymous_1)
FNDA:16,(anonymous_2)
FNDA:12,(anonymous_3)
FNDA:48,(anonymous_4)
DA:1,8
DA:3,2
DA:4,4
DA:5,16
DA:8,0
DA:13,2
DA:15,2
DA:17,2
DA:19,2
DA:20,2
DA:22,2
DA:24,2
DA:26,2
DA:28,2
DA:29,2
DA:32,2
DA:37,2
DA:43,2
DA:44,2
DA:45,2
DA:46,2
DA:47,2
DA:48,2
DA:49,2
DA:50,2
DA:51,2
DA:52,2
DA:53,2
DA:54,2
DA:55,2
DA:56,2
DA:57,2
DA:58,2
DA:59,2
DA:60,2
DA:61,2
DA:62,2
DA:63,2
DA:64,2
DA:65,2
DA:68,2
DA:69,12
DA:70,48
DA:74,0
DA:83,0
DA:87,48
DA:90,2
DA:91,2
DA:92,2
DA:93,2
DA:94,2
DA:95,2
DA:97,2
DA:128,2
DA:140,2
DA:141,2
DA:143,2
DA:146,2
DA:154,2
DA:162,2
DA:163,2
DA:164,2
DA:166,2
DA:173,2
DA:180,2
LF:65
LH:62
BRF:0
BRH:0
end_of_record
TN:
SF:/Users/alexandrehoareau/boulot/42/red-tetris/src/client/components/block/Box.js
FN:81,(anonymous_0)
FNF:1
FNH:1
FNDA:1,(anonymous_0)
DA:80,1
DA:81,1
DA:180,1
LF:3
LH:3
BRDA:82,0,0,0
BRDA:82,0,1,1
BRDA:88,1,0,0
BRDA:88,1,1,1
BRDA:95,2,0,0
BRDA:95,2,1,1
BRF:6
BRH:3
end_of_record
TN:
SF:/Users/alexandrehoareau/boulot/42/red-tetris/src/client/components/block/Link.js
FNF:0
FNH:0
DA:6,1
DA:14,1
DA:16,1
DA:20,1
LF:4
LH:4
BRF:0
BRH:0
end_of_record
TN:
SF:/Users/alexandrehoareau/boulot/42/red-tetris/src/client/components/block/Text.js
FN:12,(anonymous_0)
FN:19,(anonymous_1)
FN:22,(anonymous_2)
FN:25,(anonymous_3)
FNF:4
FNH:4
FNDA:7,(anonymous_0)
FNDA:7,(anonymous_1)
FNDA:7,(anonymous_2)
FNDA:7,(anonymous_3)
DA:12,1
DA:13,7
DA:19,1
DA:20,7
DA:22,1
DA:23,7
DA:25,7
DA:27,1
DA:29,1
DA:33,1
DA:35,1
DA:40,1
DA:41,1
DA:42,1
LF:14
LH:14
BRDA:13,0,0,2
BRDA:13,0,1,5
BRDA:20,1,0,2
BRDA:20,1,1,5
BRDA:23,2,0,2
BRDA:23,2,1,5
BRDA:25,3,0,2
BRDA:25,3,1,5
BRF:8
BRH:8
end_of_record
