TN:
SF:/Users/alexandrehoareau/boulot/42/red-tetris/setupTests.js
FNF:0
FNH:0
DA:8,4
DA:13,4
LF:2
LH:2
BRF:0
BRH:0
end_of_record
TN:
SF:/Users/alexandrehoareau/boulot/42/red-tetris/src/client/components/theme.js
FN:1,(anonymous_0)
FN:3,(anonymous_1)
FN:4,(anonymous_2)
FN:68,(anonymous_3)
FN:69,(anonymous_4)
FNF:5
FNH:5
FNDA:12,(anonymous_0)
FNDA:6,(anonymous_1)
FNDA:24,(anonymous_2)
FNDA:18,(anonymous_3)
FNDA:72,(anonymous_4)
DA:1,12
DA:3,3
DA:4,6
DA:5,24
DA:8,0
DA:13,3
DA:15,3
DA:17,3
DA:19,3
DA:20,3
DA:22,3
DA:24,3
DA:26,3
DA:28,3
DA:29,3
DA:32,3
DA:37,3
DA:43,3
DA:44,3
DA:45,3
DA:46,3
DA:47,3
DA:48,3
DA:49,3
DA:50,3
DA:51,3
DA:52,3
DA:53,3
DA:54,3
DA:55,3
DA:56,3
DA:57,3
DA:58,3
DA:59,3
DA:60,3
DA:61,3
DA:62,3
DA:63,3
DA:64,3
DA:65,3
DA:68,3
DA:69,18
DA:70,72
DA:74,0
DA:83,0
DA:87,72
DA:90,3
DA:91,3
DA:92,3
DA:93,3
DA:94,3
DA:95,3
DA:97,3
DA:128,3
DA:140,3
DA:141,3
DA:143,3
DA:146,3
DA:154,3
DA:162,3
DA:163,3
DA:164,3
DA:166,3
DA:173,3
DA:180,3
LF:65
LH:62
BRF:0
BRH:0
end_of_record
TN:
SF:/Users/alexandrehoareau/boulot/42/red-tetris/src/client/components/block/Box.js
FN:81,(anonymous_0)
FNF:1
FNH:1
FNDA:1,(anonymous_0)
DA:80,2
DA:81,1
DA:180,2
LF:3
LH:3
BRDA:82,0,0,0
BRDA:82,0,1,1
BRDA:88,1,0,0
BRDA:88,1,1,1
BRDA:95,2,0,0
BRDA:95,2,1,1
BRF:6
BRH:3
end_of_record
TN:
SF:/Users/alexandrehoareau/boulot/42/red-tetris/src/client/components/block/Card.js
FN:7,(anonymous_0)
FN:25,(anonymous_1)
FNF:2
FNH:0
FNDA:0,(anonymous_0)
FNDA:0,(anonymous_1)
DA:7,1
DA:8,0
DA:22,0
DA:25,1
DA:31,1
DA:35,1
DA:42,1
DA:49,1
LF:8
LH:6
BRF:0
BRH:0
end_of_record
TN:
SF:/Users/alexandrehoareau/boulot/42/red-tetris/src/client/components/block/Error.js
FN:4,(anonymous_0)
FNF:1
FNH:0
FNDA:0,(anonymous_0)
DA:4,1
DA:5,0
LF:2
LH:1
BRDA:9,0,0,0
BRDA:9,0,1,0
BRDA:10,1,0,0
BRDA:10,1,1,0
BRF:4
BRH:0
end_of_record
TN:
SF:/Users/alexandrehoareau/boulot/42/red-tetris/src/client/components/block/Help.js
FN:4,(anonymous_0)
FNF:1
FNH:0
FNDA:0,(anonymous_0)
DA:4,1
DA:5,0
LF:2
LH:1
BRDA:9,0,0,0
BRDA:9,0,1,0
BRDA:10,1,0,0
BRDA:10,1,1,0
BRF:4
BRH:0
end_of_record
TN:
SF:/Users/alexandrehoareau/boulot/42/red-tetris/src/client/components/block/Input.js
FN:9,(anonymous_0)
FN:53,(anonymous_1)
FNF:2
FNH:0
FNDA:0,(anonymous_0)
FNDA:0,(anonymous_1)
DA:9,1
DA:10,0
DA:11,0
DA:12,0
DA:23,1
DA:53,1
DA:54,0
DA:61,1
DA:62,1
DA:69,1
LF:10
LH:6
BRDA:10,0,0,0
BRDA:10,0,1,0
BRDA:11,1,0,0
BRDA:11,1,1,0
BRDA:56,2,0,0
BRDA:56,2,1,0
BRDA:56,2,2,0
BRDA:57,3,0,0
BRDA:57,3,1,0
BRDA:57,3,2,0
BRF:10
BRH:0
end_of_record
TN:
SF:/Users/alexandrehoareau/boulot/42/red-tetris/src/client/components/block/Link.js
FNF:0
FNH:0
DA:6,1
DA:14,1
DA:16,1
DA:20,1
LF:4
LH:4
BRF:0
BRH:0
end_of_record
TN:
SF:/Users/alexandrehoareau/boulot/42/red-tetris/src/client/components/block/Text.js
FN:12,(anonymous_0)
FN:19,(anonymous_1)
FN:22,(anonymous_2)
FN:25,(anonymous_3)
FNF:4
FNH:4
FNDA:7,(anonymous_0)
FNDA:7,(anonymous_1)
FNDA:7,(anonymous_2)
FNDA:7,(anonymous_3)
DA:12,2
DA:13,7
DA:19,2
DA:20,7
DA:22,2
DA:23,7
DA:25,7
DA:27,2
DA:29,2
DA:33,2
DA:35,2
DA:40,2
DA:41,2
DA:42,2
LF:14
LH:14
BRDA:13,0,0,2
BRDA:13,0,1,5
BRDA:20,1,0,2
BRDA:20,1,1,5
BRDA:23,2,0,2
BRDA:23,2,1,5
BRDA:25,3,0,2
BRDA:25,3,1,5
BRF:8
BRH:8
end_of_record
TN:
SF:/Users/alexandrehoareau/boulot/42/red-tetris/src/client/components/block/index.js
FNF:0
FNH:0
LF:0
LH:0
BRF:0
BRH:0
end_of_record
TN:
SF:/Users/alexandrehoareau/boulot/42/red-tetris/src/client/containers/base/AbstractContainer.js
FNF:0
FNH:0
LF:0
LH:0
BRF:0
BRH:0
end_of_record
TN:
SF:/Users/alexandrehoareau/boulot/42/red-tetris/src/client/containers/form/HomeForm.js
FN:6,(anonymous_0)
FNF:1
FNH:0
FNDA:0,(anonymous_0)
DA:6,1
DA:7,0
LF:2
LH:1
BRF:0
BRH:0
end_of_record
TN:
SF:/Users/alexandrehoareau/boulot/42/red-tetris/src/client/containers/view/Home.js
FN:7,(anonymous_0)
FNF:1
FNH:1
FNDA:2,(anonymous_0)
DA:8,2
LF:1
LH:1
BRF:0
BRH:0
end_of_record
TN:
SF:/Users/alexandrehoareau/boulot/42/red-tetris/src/client/containers/view/base/AbstractView.js
FNF:0
FNH:0
LF:0
LH:0
BRF:0
BRH:0
end_of_record
